<?xml version="1.0" encoding="UTF-8"?>
<testsuite xmlns:xsi="http://www.w3.org/2001/XMLSchema-instance" xsi:noNamespaceSchemaLocation="https://maven.apache.org/surefire/maven-surefire-plugin/xsd/surefire-test-report-3.0.xsd" version="3.0" name="com.smartbalaram.emi.service.EmiWarningServiceTest" time="0.263" tests="4" errors="0" skipped="0" failures="0">
  <properties>
[...]
</properties>
  <testcase name="testEvaluateEmi_ModerateRisk" classname="com.smartbalaram.emi.service.EmiWarningServiceTest" time="0.244">
    <system-out><![CDATA[[2025-06-19 23:11:52.396] [INFO ] [] c.s.emi.service.EmiWarningService - ? Evaluating EMI for user: user123
]]></system-out>
  </testcase>
  <testcase name="testEvaluateEmi_LowRisk" classname="com.smartbalaram.emi.service.EmiWarningServiceTest" time="0.006">
    <system-out><![CDATA[[2025-06-19 23:11:52.411] [INFO ] [] c.s.emi.service.EmiWarningService - ? Evaluating EMI for user: user123
]]></system-out>
  </testcase>
  <testcase name="testGetRecommendedCap" classname="com.smartbalaram.emi.service.EmiWarningServiceTest" time="0.003"/>
  <testcase name="testEvaluateEmi_HighRisk" classname="com.smartbalaram.emi.service.EmiWarningServiceTest" time="0.004">
    <system-out><![CDATA[[2025-06-19 23:11:52.421] [INFO ] [] c.s.emi.service.EmiWarningService - ? Evaluating EMI for user: user123
]]></system-out>
  </testcase>
</testsuite>